This file contains any messages produced by compilers while
running configure, to aid debugging if configure makes a mistake.

It was created by autopilot configure 1.0, which was
generated by GNU Autoconf 2.69.  Invocation command line was

  $ /work/projects/tobor/autopilot/configure --host=arm-raspi-linux-gnueabi

## --------- ##
## Platform. ##
## --------- ##

hostname = hframec
uname -m = x86_64
uname -r = 3.13.0-51-generic
uname -s = Linux
uname -v = #84-Ubuntu SMP Wed Apr 15 12:08:34 UTC 2015

/usr/bin/uname -p = unknown
/bin/uname -X     = unknown

/bin/arch              = unknown
/usr/bin/arch -k       = unknown
/usr/convex/getsysinfo = unknown
/usr/bin/hostinfo      = unknown
/bin/machine           = unknown
/usr/bin/oslevel       = unknown
/bin/universe          = unknown

PATH: /usr/local/sbin
PATH: /usr/local/bin
PATH: /usr/sbin
PATH: /usr/bin
PATH: /sbin
PATH: /bin
PATH: /usr/games
PATH: /usr/local/games
PATH: /work/raspberrypi/toolchainraspi/chain/bin


## ----------- ##
## Core tests. ##
## ----------- ##

configure:1835: checking build system type
configure:1849: result: x86_64-unknown-linux-gnu
configure:1869: checking host system type
configure:1882: result: arm-raspi-linux-gnueabi
configure:1902: checking target system type
configure:1915: result: arm-raspi-linux-gnueabi
configure:1958: checking for a BSD-compatible install
configure:2026: result: /usr/bin/install -c
configure:2037: checking whether build environment is sane
configure:2092: result: yes
configure:2151: checking for arm-raspi-linux-gnueabi-strip
configure:2167: found /work/raspberrypi/toolchainraspi/chain/bin/arm-raspi-linux-gnueabi-strip
configure:2178: result: arm-raspi-linux-gnueabi-strip
configure:2243: checking for a thread-safe mkdir -p
configure:2282: result: /bin/mkdir -p
configure:2289: checking for gawk
configure:2305: found /usr/bin/gawk
configure:2316: result: gawk
configure:2327: checking whether make sets $(MAKE)
configure:2349: result: yes
configure:2378: checking whether make supports nested variables
configure:2395: result: yes
configure:2529: checking for arm-raspi-linux-gnueabi-gcc
configure:2545: found /work/raspberrypi/toolchainraspi/chain/bin/arm-raspi-linux-gnueabi-gcc
configure:2556: result: arm-raspi-linux-gnueabi-gcc
configure:2825: checking for C compiler version
configure:2834: arm-raspi-linux-gnueabi-gcc --version >&5
arm-raspi-linux-gnueabi-gcc (GCC) 4.9.2
Copyright (C) 2014 Free Software Foundation, Inc.
This is free software; see the source for copying conditions.  There is NO
warranty; not even for MERCHANTABILITY or FITNESS FOR A PARTICULAR PURPOSE.

configure:2845: $? = 0
configure:2834: arm-raspi-linux-gnueabi-gcc -v >&5
Using built-in specs.
COLLECT_GCC=arm-raspi-linux-gnueabi-gcc
COLLECT_LTO_WRAPPER=/work/raspberrypi/toolchainraspi/chain/libexec/gcc/arm-raspi-linux-gnueabi/4.9.2/lto-wrapper
Target: arm-raspi-linux-gnueabi
Configured with: ../gcc-4.9.2/configure --prefix=/work/raspberrypi/toolchainraspi/chain --target=arm-raspi-linux-gnueabi --enable-languages=c,c++ --disable-multilib --with-cpu=arm1176jzf-s --with-tune=arm1176jzf-s --with-float=hard --with-native-system-header-dir=/include --with-sysroot=/work/raspberrypi/toolchainraspi/rootfs
Thread model: posix
gcc version 4.9.2 (GCC) 
configure:2845: $? = 0
configure:2834: arm-raspi-linux-gnueabi-gcc -V >&5
arm-raspi-linux-gnueabi-gcc: error: unrecognized command line option '-V'
arm-raspi-linux-gnueabi-gcc: fatal error: no input files
compilation terminated.
configure:2845: $? = 1
configure:2834: arm-raspi-linux-gnueabi-gcc -qversion >&5
arm-raspi-linux-gnueabi-gcc: error: unrecognized command line option '-qversion'
arm-raspi-linux-gnueabi-gcc: fatal error: no input files
compilation terminated.
configure:2845: $? = 1
configure:2865: checking whether the C compiler works
configure:2887: arm-raspi-linux-gnueabi-gcc    conftest.c  >&5
configure:2891: $? = 0
configure:2939: result: yes
configure:2942: checking for C compiler default output file name
configure:2944: result: a.out
configure:2950: checking for suffix of executables
configure:2957: arm-raspi-linux-gnueabi-gcc -o conftest    conftest.c  >&5
configure:2961: $? = 0
configure:2983: result: 
configure:3005: checking whether we are cross compiling
configure:3013: arm-raspi-linux-gnueabi-gcc -o conftest    conftest.c  >&5
configure:3017: $? = 0
configure:3024: ./conftest
/work/projects/tobor/autopilot/configure: line 3026: ./conftest: cannot execute binary file: Exec format error
configure:3028: $? = 126
configure:3043: result: yes
configure:3048: checking for suffix of object files
configure:3070: arm-raspi-linux-gnueabi-gcc -c   conftest.c >&5
configure:3074: $? = 0
configure:3095: result: o
configure:3099: checking whether we are using the GNU C compiler
configure:3118: arm-raspi-linux-gnueabi-gcc -c   conftest.c >&5
configure:3118: $? = 0
configure:3127: result: yes
configure:3136: checking whether arm-raspi-linux-gnueabi-gcc accepts -g
configure:3156: arm-raspi-linux-gnueabi-gcc -c -g  conftest.c >&5
configure:3156: $? = 0
configure:3197: result: yes
configure:3214: checking for arm-raspi-linux-gnueabi-gcc option to accept ISO C89
configure:3277: arm-raspi-linux-gnueabi-gcc  -c -g -O2  conftest.c >&5
configure:3277: $? = 0
configure:3290: result: none needed
configure:3315: checking whether arm-raspi-linux-gnueabi-gcc understands -c and -o together
configure:3337: arm-raspi-linux-gnueabi-gcc -c conftest.c -o conftest2.o
configure:3340: $? = 0
configure:3337: arm-raspi-linux-gnueabi-gcc -c conftest.c -o conftest2.o
configure:3340: $? = 0
configure:3352: result: yes
configure:3380: checking for style of include used by make
configure:3408: result: GNU
configure:3434: checking dependency style of arm-raspi-linux-gnueabi-gcc
configure:3545: result: gcc3
configure:3708: checking that generated files are newer than configure
configure:3714: result: done
configure:3737: creating ./config.status

## ---------------------- ##
## Running config.status. ##
## ---------------------- ##

This file was extended by autopilot config.status 1.0, which was
generated by GNU Autoconf 2.69.  Invocation command line was

  CONFIG_FILES    = 
  CONFIG_HEADERS  = 
  CONFIG_LINKS    = 
  CONFIG_COMMANDS = 
  $ ./config.status 

on hframec

config.status:785: creating Makefile
config.status:785: creating src/Makefile
config.status:957: executing depfiles commands

## ---------------- ##
## Cache variables. ##
## ---------------- ##

ac_cv_build=x86_64-unknown-linux-gnu
ac_cv_c_compiler_gnu=yes
ac_cv_env_CC_set=
ac_cv_env_CC_value=
ac_cv_env_CFLAGS_set=
ac_cv_env_CFLAGS_value=
ac_cv_env_CPPFLAGS_set=
ac_cv_env_CPPFLAGS_value=
ac_cv_env_LDFLAGS_set=
ac_cv_env_LDFLAGS_value=
ac_cv_env_LIBS_set=
ac_cv_env_LIBS_value=
ac_cv_env_build_alias_set=
ac_cv_env_build_alias_value=
ac_cv_env_host_alias_set=set
ac_cv_env_host_alias_value=arm-raspi-linux-gnueabi
ac_cv_env_target_alias_set=
ac_cv_env_target_alias_value=
ac_cv_host=arm-raspi-linux-gnueabi
ac_cv_objext=o
ac_cv_path_install='/usr/bin/install -c'
ac_cv_path_mkdir=/bin/mkdir
ac_cv_prog_AWK=gawk
ac_cv_prog_CC=arm-raspi-linux-gnueabi-gcc
ac_cv_prog_STRIP=arm-raspi-linux-gnueabi-strip
ac_cv_prog_cc_c89=
ac_cv_prog_cc_g=yes
ac_cv_prog_make_make_set=yes
ac_cv_target=arm-raspi-linux-gnueabi
am_cv_CC_dependencies_compiler_type=gcc3
am_cv_make_support_nested_variables=yes
am_cv_prog_cc_c_o=yes

## ----------------- ##
## Output variables. ##
## ----------------- ##

ACLOCAL='${SHELL} /work/projects/tobor/autopilot/missing aclocal-1.14'
AMDEPBACKSLASH='\'
AMDEP_FALSE='#'
AMDEP_TRUE=''
AMTAR='$${TAR-tar}'
AM_BACKSLASH='\'
AM_DEFAULT_V='$(AM_DEFAULT_VERBOSITY)'
AM_DEFAULT_VERBOSITY='1'
AM_V='$(V)'
AUTOCONF='${SHELL} /work/projects/tobor/autopilot/missing autoconf'
AUTOHEADER='${SHELL} /work/projects/tobor/autopilot/missing autoheader'
AUTOMAKE='${SHELL} /work/projects/tobor/autopilot/missing automake-1.14'
AWK='gawk'
CC='arm-raspi-linux-gnueabi-gcc'
CCDEPMODE='depmode=gcc3'
CFLAGS='-g -O2'
CPPFLAGS=''
CYGPATH_W='echo'
DEFS='-DPACKAGE_NAME=\"autopilot\" -DPACKAGE_TARNAME=\"autopilot\" -DPACKAGE_VERSION=\"1.0\" -DPACKAGE_STRING=\"autopilot\ 1.0\" -DPACKAGE_BUGREPORT=\"\" -DPACKAGE_URL=\"\" -DPACKAGE=\"autopilot\" -DVERSION=\"1.0\"'
DEPDIR='.deps'
ECHO_C=''
ECHO_N='-n'
ECHO_T=''
EXEEXT=''
INSTALL_DATA='${INSTALL} -m 644'
INSTALL_PROGRAM='${INSTALL}'
INSTALL_SCRIPT='${INSTALL}'
INSTALL_STRIP_PROGRAM='$(install_sh) -c -s'
LDFLAGS=''
LIBOBJS=''
LIBS=''
LTLIBOBJS=''
MAKEINFO='${SHELL} /work/projects/tobor/autopilot/missing makeinfo'
MKDIR_P='/bin/mkdir -p'
OBJEXT='o'
PACKAGE='autopilot'
PACKAGE_BUGREPORT=''
PACKAGE_NAME='autopilot'
PACKAGE_STRING='autopilot 1.0'
PACKAGE_TARNAME='autopilot'
PACKAGE_URL=''
PACKAGE_VERSION='1.0'
PATH_SEPARATOR=':'
SET_MAKE=''
SHELL='/bin/bash'
STRIP='arm-raspi-linux-gnueabi-strip'
VERSION='1.0'
ac_ct_CC=''
am__EXEEXT_FALSE=''
am__EXEEXT_TRUE='#'
am__fastdepCC_FALSE='#'
am__fastdepCC_TRUE=''
am__include='include'
am__isrc=''
am__leading_dot='.'
am__nodep='_no'
am__quote=''
am__tar='$${TAR-tar} chof - "$$tardir"'
am__untar='$${TAR-tar} xf -'
bindir='${exec_prefix}/bin'
build='x86_64-unknown-linux-gnu'
build_alias=''
build_cpu='x86_64'
build_os='linux-gnu'
build_vendor='unknown'
datadir='${datarootdir}'
datarootdir='${prefix}/share'
docdir='${datarootdir}/doc/${PACKAGE_TARNAME}'
dvidir='${docdir}'
exec_prefix='${prefix}'
host='arm-raspi-linux-gnueabi'
host_alias='arm-raspi-linux-gnueabi'
host_cpu='arm'
host_os='linux-gnueabi'
host_vendor='raspi'
htmldir='${docdir}'
includedir='${prefix}/include'
infodir='${datarootdir}/info'
install_sh='${SHELL} /work/projects/tobor/autopilot/install-sh'
libdir='${exec_prefix}/lib'
libexecdir='${exec_prefix}/libexec'
localedir='${datarootdir}/locale'
localstatedir='${prefix}/var'
mandir='${datarootdir}/man'
mkdir_p='$(MKDIR_P)'
oldincludedir='/usr/include'
pdfdir='${docdir}'
prefix='/usr/local'
program_transform_name='s,x,x,'
psdir='${docdir}'
sbindir='${exec_prefix}/sbin'
sharedstatedir='${prefix}/com'
sysconfdir='${prefix}/etc'
target='arm-raspi-linux-gnueabi'
target_alias=''
target_cpu='arm'
target_os='linux-gnueabi'
target_vendor='raspi'

## ----------- ##
## confdefs.h. ##
## ----------- ##

/* confdefs.h */
#define PACKAGE_NAME "autopilot"
#define PACKAGE_TARNAME "autopilot"
#define PACKAGE_VERSION "1.0"
#define PACKAGE_STRING "autopilot 1.0"
#define PACKAGE_BUGREPORT ""
#define PACKAGE_URL ""
#define PACKAGE "autopilot"
#define VERSION "1.0"

configure: exit 0

## ---------------------- ##
## Running config.status. ##
## ---------------------- ##

This file was extended by autopilot config.status 1.0, which was
generated by GNU Autoconf 2.69.  Invocation command line was

  CONFIG_FILES    = 
  CONFIG_HEADERS  = 
  CONFIG_LINKS    = 
  CONFIG_COMMANDS = 
  $ ./config.status src/Makefile depfiles

on hframec

config.status:785: creating src/Makefile
config.status:957: executing depfiles commands

## ---------------------- ##
## Running config.status. ##
## ---------------------- ##

This file was extended by autopilot config.status 1.0, which was
generated by GNU Autoconf 2.69.  Invocation command line was

  CONFIG_FILES    = 
  CONFIG_HEADERS  = 
  CONFIG_LINKS    = 
  CONFIG_COMMANDS = 
  $ ./config.status src/Makefile depfiles

on hframec

config.status:785: creating src/Makefile
config.status:957: executing depfiles commands

## ---------------------- ##
## Running config.status. ##
## ---------------------- ##

This file was extended by autopilot config.status 1.0, which was
generated by GNU Autoconf 2.69.  Invocation command line was

  CONFIG_FILES    = 
  CONFIG_HEADERS  = 
  CONFIG_LINKS    = 
  CONFIG_COMMANDS = 
  $ ./config.status src/Makefile depfiles

on hframec

config.status:785: creating src/Makefile
config.status:957: executing depfiles commands

## ---------------------- ##
## Running config.status. ##
## ---------------------- ##

This file was extended by autopilot config.status 1.0, which was
generated by GNU Autoconf 2.69.  Invocation command line was

  CONFIG_FILES    = 
  CONFIG_HEADERS  = 
  CONFIG_LINKS    = 
  CONFIG_COMMANDS = 
  $ ./config.status src/Makefile depfiles

on hframec

config.status:785: creating src/Makefile
config.status:957: executing depfiles commands

## ---------------------- ##
## Running config.status. ##
## ---------------------- ##

This file was extended by autopilot config.status 1.0, which was
generated by GNU Autoconf 2.69.  Invocation command line was

  CONFIG_FILES    = 
  CONFIG_HEADERS  = 
  CONFIG_LINKS    = 
  CONFIG_COMMANDS = 
  $ ./config.status src/Makefile depfiles

on hframec

config.status:785: creating src/Makefile
config.status:957: executing depfiles commands

## ---------------------- ##
## Running config.status. ##
## ---------------------- ##

This file was extended by autopilot config.status 1.0, which was
generated by GNU Autoconf 2.69.  Invocation command line was

  CONFIG_FILES    = 
  CONFIG_HEADERS  = 
  CONFIG_LINKS    = 
  CONFIG_COMMANDS = 
  $ ./config.status src/Makefile depfiles

on hframec

config.status:785: creating src/Makefile
config.status:957: executing depfiles commands

## ---------------------- ##
## Running config.status. ##
## ---------------------- ##

This file was extended by autopilot config.status 1.0, which was
generated by GNU Autoconf 2.69.  Invocation command line was

  CONFIG_FILES    = 
  CONFIG_HEADERS  = 
  CONFIG_LINKS    = 
  CONFIG_COMMANDS = 
  $ ./config.status src/Makefile depfiles

on hframec

config.status:785: creating src/Makefile
config.status:957: executing depfiles commands

## ---------------------- ##
## Running config.status. ##
## ---------------------- ##

This file was extended by autopilot config.status 1.0, which was
generated by GNU Autoconf 2.69.  Invocation command line was

  CONFIG_FILES    = 
  CONFIG_HEADERS  = 
  CONFIG_LINKS    = 
  CONFIG_COMMANDS = 
  $ ./config.status src/Makefile depfiles

on hframec

config.status:785: creating src/Makefile
config.status:957: executing depfiles commands

## ---------------------- ##
## Running config.status. ##
## ---------------------- ##

This file was extended by autopilot config.status 1.0, which was
generated by GNU Autoconf 2.69.  Invocation command line was

  CONFIG_FILES    = 
  CONFIG_HEADERS  = 
  CONFIG_LINKS    = 
  CONFIG_COMMANDS = 
  $ ./config.status src/Makefile depfiles

on hframec

config.status:785: creating src/Makefile
config.status:957: executing depfiles commands

## ---------------------- ##
## Running config.status. ##
## ---------------------- ##

This file was extended by autopilot config.status 1.0, which was
generated by GNU Autoconf 2.69.  Invocation command line was

  CONFIG_FILES    = 
  CONFIG_HEADERS  = 
  CONFIG_LINKS    = 
  CONFIG_COMMANDS = 
  $ ./config.status src/Makefile depfiles

on hframec

config.status:785: creating src/Makefile
config.status:957: executing depfiles commands

## ---------------------- ##
## Running config.status. ##
## ---------------------- ##

This file was extended by autopilot config.status 1.0, which was
generated by GNU Autoconf 2.69.  Invocation command line was

  CONFIG_FILES    = 
  CONFIG_HEADERS  = 
  CONFIG_LINKS    = 
  CONFIG_COMMANDS = 
  $ ./config.status src/Makefile depfiles

on hframec

config.status:785: creating src/Makefile
config.status:957: executing depfiles commands
